# JRE version: Java(TM) SE Runtime Environment (8.0_131-b11) (build 1.8.0_131-b11)
# Java VM: Java HotSpot(TM) 64-Bit Server VM (25.131-b11 mixed mode linux-amd64 compressed oops)
Heap:
 PSYoungGen      total 88576K, used 5473K [0x00000000eb300000, 0x00000000f1100000, 0x0000000100000000)
  eden space 81408K, 0% used [0x00000000eb300000,0x00000000eb300000,0x00000000f0280000)
  from space 7168K, 76% used [0x00000000f0280000,0x00000000f07d8600,0x00000000f0980000)
  to   space 6656K, 0% used [0x00000000f0980000,0x00000000f0980000,0x00000000f1000000)
 ParOldGen       total 27648K, used 14558K [0x00000000c1800000, 0x00000000c3300000, 0x00000000eb300000)
  object space 27648K, 52% used [0x00000000c1800000,0x00000000c2637ad8,0x00000000c3300000)
 Metaspace       used 20882K, capacity 21026K, committed 21248K, reserved 1069056K
  class space    used 2396K, capacity 2441K, committed 2560K, reserved 1048576K
GC Heap History (10 events):
Event: 9.684 GC heap after
Heap after GC invocations=4 (full 0):
 PSYoungGen      total 22016K, used 1519K [0x00000000eb300000, 0x00000000eca00000, 0x0000000100000000)
  eden space 20480K, 0% used [0x00000000eb300000,0x00000000eb300000,0x00000000ec700000)
  from space 1536K, 98% used [0x00000000ec880000,0x00000000ec9fbc08,0x00000000eca00000)
  to   space 1536K, 0% used [0x00000000ec700000,0x00000000ec700000,0x00000000ec880000)
 ParOldGen       total 27648K, used 9518K [0x00000000c1800000, 0x00000000c3300000, 0x00000000eb300000)
  object space 27648K, 34% used [0x00000000c1800000,0x00000000c214b818,0x00000000c3300000)
 Metaspace       used 5182K, capacity 5248K, committed 5504K, reserved 1056768K
  class space    used 580K, capacity 624K, committed 640K, reserved 1048576K
}
Event: 14.572 GC heap before
{Heap before GC invocations=5 (full 0):
 PSYoungGen      total 22016K, used 21999K [0x00000000eb300000, 0x00000000eca00000, 0x0000000100000000)
  eden space 20480K, 100% used [0x00000000eb300000,0x00000000ec700000,0x00000000ec700000)
  from space 1536K, 98% used [0x00000000ec880000,0x00000000ec9fbc08,0x00000000eca00000)
  to   space 1536K, 0% used [0x00000000ec700000,0x00000000ec700000,0x00000000ec880000)
 ParOldGen       total 27648K, used 9518K [0x00000000c1800000, 0x00000000c3300000, 0x00000000eb300000)
  object space 27648K, 34% used [0x00000000c1800000,0x00000000c214b818,0x00000000c3300000)
 Metaspace       used 7617K, capacity 7774K, committed 7936K, reserved 1056768K
  class space    used 869K, capacity 931K, committed 1024K, reserved 1048576K
Event: 14.595 GC heap after
Heap after GC invocations=5 (full 0):
 PSYoungGen      total 22016K, used 1535K [0x00000000eb300000, 0x00000000ee600000, 0x0000000100000000)
  eden space 20480K, 0% used [0x00000000eb300000,0x00000000eb300000,0x00000000ec700000)
  from space 1536K, 99% used [0x00000000ec700000,0x00000000ec87fc18,0x00000000ec880000)
  to   space 5632K, 0% used [0x00000000ee080000,0x00000000ee080000,0x00000000ee600000)
 ParOldGen       total 27648K, used 12367K [0x00000000c1800000, 0x00000000c3300000, 0x00000000eb300000)
  object space 27648K, 44% used [0x00000000c1800000,0x00000000c2413f00,0x00000000c3300000)
 Metaspace       used 7617K, capacity 7774K, committed 7936K, reserved 1056768K
  class space    used 869K, capacity 931K, committed 1024K, reserved 1048576K
}
Event: 26.851 GC heap before
{Heap before GC invocations=6 (full 0):
 PSYoungGen      total 22016K, used 22015K [0x00000000eb300000, 0x00000000ee600000, 0x0000000100000000)
  eden space 20480K, 100% used [0x00000000eb300000,0x00000000ec700000,0x00000000ec700000)
  from space 1536K, 99% used [0x00000000ec700000,0x00000000ec87fc18,0x00000000ec880000)
  to   space 5632K, 0% used [0x00000000ee080000,0x00000000ee080000,0x00000000ee600000)
 ParOldGen       total 27648K, used 12367K [0x00000000c1800000, 0x00000000c3300000, 0x00000000eb300000)
  object space 27648K, 44% used [0x00000000c1800000,0x00000000c2413f00,0x00000000c3300000)
 Metaspace       used 10647K, capacity 10832K, committed 11136K, reserved 1058816K
  class space    used 1244K, capacity 1286K, committed 1408K, reserved 1048576K
Event: 26.993 GC heap after
Heap after GC invocations=6 (full 0):
 PSYoungGen      total 46592K, used 4094K [0x00000000eb300000, 0x00000000ee600000, 0x0000000100000000)
  eden space 40960K, 0% used [0x00000000eb300000,0x00000000eb300000,0x00000000edb00000)
  from space 5632K, 72% used [0x00000000ee080000,0x00000000ee47f8b0,0x00000000ee600000)
  to   space 5632K, 0% used [0x00000000edb00000,0x00000000edb00000,0x00000000ee080000)
 ParOldGen       total 27648K, used 12375K [0x00000000c1800000, 0x00000000c3300000, 0x00000000eb300000)
  object space 27648K, 44% used [0x00000000c1800000,0x00000000c2415f00,0x00000000c3300000)
 Metaspace       used 10647K, capacity 10832K, committed 11136K, reserved 1058816K
  class space    used 1244K, capacity 1286K, committed 1408K, reserved 1048576K
}
Event: 76.039 GC heap before
{Heap before GC invocations=7 (full 0):
 PSYoungGen      total 46592K, used 45054K [0x00000000eb300000, 0x00000000ee600000, 0x0000000100000000)
  eden space 40960K, 100% used [0x00000000eb300000,0x00000000edb00000,0x00000000edb00000)
  from space 5632K, 72% used [0x00000000ee080000,0x00000000ee47f8b0,0x00000000ee600000)
  to   space 5632K, 0% used [0x00000000edb00000,0x00000000edb00000,0x00000000ee080000)
 ParOldGen       total 27648K, used 12375K [0x00000000c1800000, 0x00000000c3300000, 0x00000000eb300000)
  object space 27648K, 44% used [0x00000000c1800000,0x00000000c2415f00,0x00000000c3300000)
 Metaspace       used 14618K, capacity 14818K, committed 15232K, reserved 1062912K
  class space    used 1722K, capacity 1801K, committed 1920K, reserved 1048576K
Event: 76.813 GC heap after
Heap after GC invocations=7 (full 0):
 PSYoungGen      total 46592K, used 5626K [0x00000000eb300000, 0x00000000f1000000, 0x0000000100000000)
  eden space 40960K, 0% used [0x00000000eb300000,0x00000000eb300000,0x00000000edb00000)
  from space 5632K, 99% used [0x00000000edb00000,0x00000000ee07eb38,0x00000000ee080000)
  to   space 6656K, 0% used [0x00000000f0980000,0x00000000f0980000,0x00000000f1000000)
 ParOldGen       total 27648K, used 13682K [0x00000000c1800000, 0x00000000c3300000, 0x00000000eb300000)
  object space 27648K, 49% used [0x00000000c1800000,0x00000000c255ca90,0x00000000c3300000)
 Metaspace       used 14618K, capacity 14818K, committed 15232K, reserved 1062912K
  class space    used 1722K, capacity 1801K, committed 1920K, reserved 1048576K
}
Event: 232.591 GC heap before
{Heap before GC invocations=8 (full 0):
 PSYoungGen      total 46592K, used 46586K [0x00000000eb300000, 0x00000000f1000000, 0x0000000100000000)
  eden space 40960K, 100% used [0x00000000eb300000,0x00000000edb00000,0x00000000edb00000)
  from space 5632K, 99% used [0x00000000edb00000,0x00000000ee07eb38,0x00000000ee080000)
  to   space 6656K, 0% used [0x00000000f0980000,0x00000000f0980000,0x00000000f1000000)
 ParOldGen       total 27648K, used 13682K [0x00000000c1800000, 0x00000000c3300000, 0x00000000eb300000)
  object space 27648K, 49% used [0x00000000c1800000,0x00000000c255ca90,0x00000000c3300000)
 Metaspace       used 17403K, capacity 17634K, committed 18048K, reserved 1064960K
  class space    used 1999K, capacity 2057K, committed 2176K, reserved 1048576K
Event: 236.450 GC heap after
Heap after GC invocations=8 (full 0):
 PSYoungGen      total 88064K, used 5556K [0x00000000eb300000, 0x00000000f1100000, 0x0000000100000000)
  eden space 81408K, 0% used [0x00000000eb300000,0x00000000eb300000,0x00000000f0280000)
  from space 6656K, 83% used [0x00000000f0980000,0x00000000f0eed058,0x00000000f1000000)
  to   space 7168K, 0% used [0x00000000f0280000,0x00000000f0280000,0x00000000f0980000)
 ParOldGen       total 27648K, used 13690K [0x00000000c1800000, 0x00000000c3300000, 0x00000000eb300000)
  object space 27648K, 49% used [0x00000000c1800000,0x00000000c255ea90,0x00000000c3300000)
 Metaspace       used 17403K, capacity 17634K, committed 18048K, reserved 1064960K
  class space    used 1999K, capacity 2057K, committed 2176K, reserved 1048576K
}
Event: 311.068 GC heap before
{Heap before GC invocations=9 (full 0):
 PSYoungGen      total 88064K, used 44230K [0x00000000eb300000, 0x00000000f1100000, 0x0000000100000000)
  eden space 81408K, 47% used [0x00000000eb300000,0x00000000ed8c4a28,0x00000000f0280000)
  from space 6656K, 83% used [0x00000000f0980000,0x00000000f0eed058,0x00000000f1000000)
  to   space 7168K, 0% used [0x00000000f0280000,0x00000000f0280000,0x00000000f0980000)
 ParOldGen       total 27648K, used 13690K [0x00000000c1800000, 0x00000000c3300000, 0x00000000eb300000)
  object space 27648K, 49% used [0x00000000c1800000,0x00000000c255ea90,0x00000000c3300000)
 Metaspace       used 20882K, capacity 21026K, committed 21248K, reserved 1069056K
  class space    used 2396K, capacity 2441K, committed 2560K, reserved 1048576K

